18:24:54.955 [btpool0-4] INFO  n.s.a.s.rpc.ModelUpdateServiceImpl [ModelUpdateServiceImpl.java:236] Requesting a model update from backend server for: ModelUpdateRequest[NoHttpConfigs]
18:24:54.982 [btpool0-4] INFO  n.s.a.s.rpc.ModelUpdateServiceImpl [ModelUpdateServiceImpl.java:253] Loaded model update in 3ms
18:24:56.073 [btpool0-4] INFO  n.s.a.s.rpc.ModelUpdateServiceImpl [ModelUpdateServiceImpl.java:236] Requesting a model update from backend server for: ModelUpdateRequest[NoHttpConfigs, Domains[2, 1000000]]
18:24:56.074 [btpool0-4] INFO  n.s.a.s.rpc.ModelUpdateServiceImpl [ModelUpdateServiceImpl.java:253] Loaded model update in 0ms
18:25:01.383 [btpool0-4] INFO  n.s.a.s.rpc.ModelUpdateServiceImpl [ModelUpdateServiceImpl.java:236] Requesting a model update from backend server for: ModelUpdateRequest[NoHttpConfigs, Domains[2, 1000000], Services[10, 11]]
18:25:01.384 [btpool0-4] INFO  n.s.a.s.rpc.ModelUpdateServiceImpl [ModelUpdateServiceImpl.java:253] Loaded model update in 1ms
18:25:01.546 [btpool0-4] INFO  n.s.a.s.rpc.ModelUpdateServiceImpl [ModelUpdateServiceImpl.java:236] Requesting a model update from backend server for: ModelUpdateRequest[NoHttpConfigs, Domains[2, 1000000], Services[10, 11]]
18:25:01.547 [btpool0-4] INFO  n.s.a.s.rpc.ModelUpdateServiceImpl [ModelUpdateServiceImpl.java:253] Loaded model update in 1ms
18:25:09.622 [btpool0-4] INFO  n.s.a.s.rpc.ModelUpdateServiceImpl [ModelUpdateServiceImpl.java:236] Requesting a model update from backend server for: ModelUpdateRequest[NoHttpConfigs, Domains[2, 1000000], Services[10, 11], Versions[100]]
18:25:09.626 [btpool0-4] INFO  n.s.a.s.rpc.ModelUpdateServiceImpl [ModelUpdateServiceImpl.java:253] Loaded model update in 3ms
18:25:09.680 [btpool0-4] INFO  n.s.a.s.rpc.ModelUpdateServiceImpl [ModelUpdateServiceImpl.java:236] Requesting a model update from backend server for: ModelUpdateRequest[NoHttpConfigs, Domains[2, 1000000], Services[10, 11], Versions[100]]
18:25:09.681 [btpool0-4] INFO  n.s.a.s.rpc.ModelUpdateServiceImpl [ModelUpdateServiceImpl.java:253] Loaded model update in 1ms
18:25:19.454 [btpool0-4] INFO  n.s.a.s.rpc.ModelUpdateServiceImpl [ModelUpdateServiceImpl.java:236] Requesting a model update from backend server for: ModelUpdateRequest[NoHttpConfigs, Domains[2, 1000000], Services[10, 11], Versions[100]]
18:25:19.455 [btpool0-4] INFO  n.s.a.s.rpc.ModelUpdateServiceImpl [ModelUpdateServiceImpl.java:253] Loaded model update in 1ms
18:32:50.262 [btpool0-14] INFO  n.s.a.s.rpc.ModelUpdateServiceImpl [ModelUpdateServiceImpl.java:236] Requesting a model update from backend server for: ModelUpdateRequest[NoHttpConfigs]
18:32:50.268 [btpool0-14] INFO  n.s.a.s.rpc.ModelUpdateServiceImpl [ModelUpdateServiceImpl.java:253] Loaded model update in 2ms
18:32:51.252 [btpool0-14] INFO  n.s.a.s.rpc.ModelUpdateServiceImpl [ModelUpdateServiceImpl.java:236] Requesting a model update from backend server for: ModelUpdateRequest[NoHttpConfigs, Domains[2, 1000000]]
18:32:51.253 [btpool0-14] INFO  n.s.a.s.rpc.ModelUpdateServiceImpl [ModelUpdateServiceImpl.java:253] Loaded model update in 0ms
18:32:56.605 [btpool0-14] INFO  n.s.a.s.rpc.ModelUpdateServiceImpl [ModelUpdateServiceImpl.java:236] Requesting a model update from backend server for: ModelUpdateRequest[NoHttpConfigs, Domains[2, 1000000], Services[10, 11]]
18:32:56.606 [btpool0-14] INFO  n.s.a.s.rpc.ModelUpdateServiceImpl [ModelUpdateServiceImpl.java:253] Loaded model update in 1ms
18:32:56.667 [btpool0-14] INFO  n.s.a.s.rpc.ModelUpdateServiceImpl [ModelUpdateServiceImpl.java:236] Requesting a model update from backend server for: ModelUpdateRequest[NoHttpConfigs, Domains[2, 1000000], Services[10, 11]]
18:32:56.668 [btpool0-14] INFO  n.s.a.s.rpc.ModelUpdateServiceImpl [ModelUpdateServiceImpl.java:253] Loaded model update in 1ms
18:33:04.895 [btpool0-14] INFO  n.s.a.s.rpc.ModelUpdateServiceImpl [ModelUpdateServiceImpl.java:236] Requesting a model update from backend server for: ModelUpdateRequest[NoHttpConfigs, Domains[2, 1000000], Services[10, 11], Versions[100]]
18:33:04.897 [btpool0-14] INFO  n.s.a.s.rpc.ModelUpdateServiceImpl [ModelUpdateServiceImpl.java:253] Loaded model update in 1ms
18:33:04.950 [btpool0-14] INFO  n.s.a.s.rpc.ModelUpdateServiceImpl [ModelUpdateServiceImpl.java:236] Requesting a model update from backend server for: ModelUpdateRequest[NoHttpConfigs, Domains[2, 1000000], Services[10, 11], Versions[100]]
18:33:04.951 [btpool0-14] INFO  n.s.a.s.rpc.ModelUpdateServiceImpl [ModelUpdateServiceImpl.java:253] Loaded model update in 1ms
18:33:14.730 [btpool0-14] INFO  n.s.a.s.rpc.ModelUpdateServiceImpl [ModelUpdateServiceImpl.java:236] Requesting a model update from backend server for: ModelUpdateRequest[NoHttpConfigs, Domains[2, 1000000], Services[10, 11], Versions[100]]
18:33:14.731 [btpool0-14] INFO  n.s.a.s.rpc.ModelUpdateServiceImpl [ModelUpdateServiceImpl.java:253] Loaded model update in 1ms
18:33:44.509 [btpool0-14] INFO  n.s.a.s.rpc.ModelUpdateServiceImpl [ModelUpdateServiceImpl.java:236] Requesting a model update from backend server for: ModelUpdateRequest[NoHttpConfigs, Domains[2, 1000000], Services[10, 11], Versions[100]]
18:33:44.510 [btpool0-14] INFO  n.s.a.s.rpc.ModelUpdateServiceImpl [ModelUpdateServiceImpl.java:253] Loaded model update in 0ms
18:39:41.403 [btpool0-12] INFO  n.s.a.s.rpc.ModelUpdateServiceImpl [ModelUpdateServiceImpl.java:236] Requesting a model update from backend server for: ModelUpdateRequest[NoHttpConfigs, Domains[2, 1000000], Services[10, 11], Versions[100]]
18:39:41.405 [btpool0-12] INFO  n.s.a.s.rpc.ModelUpdateServiceImpl [ModelUpdateServiceImpl.java:253] Loaded model update in 1ms
18:40:26.816 [btpool0-12] INFO  n.s.a.s.rpc.ModelUpdateServiceImpl [ModelUpdateServiceImpl.java:236] Requesting a model update from backend server for: ModelUpdateRequest[NoHttpConfigs, Domains[2, 1000000], Services[10, 11], Versions[100]]
18:40:26.817 [btpool0-12] INFO  n.s.a.s.rpc.ModelUpdateServiceImpl [ModelUpdateServiceImpl.java:253] Loaded model update in 1ms
18:42:48.227 [btpool0-20] INFO  n.s.a.s.rpc.ModelUpdateServiceImpl [ModelUpdateServiceImpl.java:236] Requesting a model update from backend server for: ModelUpdateRequest[NoHttpConfigs]
18:42:48.232 [btpool0-20] INFO  n.s.a.s.rpc.ModelUpdateServiceImpl [ModelUpdateServiceImpl.java:253] Loaded model update in 2ms
18:42:49.182 [btpool0-20] INFO  n.s.a.s.rpc.ModelUpdateServiceImpl [ModelUpdateServiceImpl.java:236] Requesting a model update from backend server for: ModelUpdateRequest[NoHttpConfigs, Domains[2, 1000000]]
18:42:49.183 [btpool0-20] INFO  n.s.a.s.rpc.ModelUpdateServiceImpl [ModelUpdateServiceImpl.java:253] Loaded model update in 0ms
18:42:54.627 [btpool0-20] INFO  n.s.a.s.rpc.ModelUpdateServiceImpl [ModelUpdateServiceImpl.java:236] Requesting a model update from backend server for: ModelUpdateRequest[NoHttpConfigs, Domains[2, 1000000], Services[10, 11]]
18:42:54.628 [btpool0-20] INFO  n.s.a.s.rpc.ModelUpdateServiceImpl [ModelUpdateServiceImpl.java:253] Loaded model update in 0ms
18:42:54.695 [btpool0-20] INFO  n.s.a.s.rpc.ModelUpdateServiceImpl [ModelUpdateServiceImpl.java:236] Requesting a model update from backend server for: ModelUpdateRequest[NoHttpConfigs, Domains[2, 1000000], Services[10, 11]]
18:42:54.695 [btpool0-20] INFO  n.s.a.s.rpc.ModelUpdateServiceImpl [ModelUpdateServiceImpl.java:253] Loaded model update in 0ms
18:43:02.251 [btpool0-20] INFO  n.s.a.s.rpc.ModelUpdateServiceImpl [ModelUpdateServiceImpl.java:236] Requesting a model update from backend server for: ModelUpdateRequest[NoHttpConfigs, Domains[2, 1000000], Services[10, 11], Versions[100]]
18:43:02.251 [btpool0-20] INFO  n.s.a.s.rpc.ModelUpdateServiceImpl [ModelUpdateServiceImpl.java:253] Loaded model update in 0ms
18:43:02.303 [btpool0-20] INFO  n.s.a.s.rpc.ModelUpdateServiceImpl [ModelUpdateServiceImpl.java:236] Requesting a model update from backend server for: ModelUpdateRequest[NoHttpConfigs, Domains[2, 1000000], Services[10, 11], Versions[100]]
18:43:02.304 [btpool0-20] INFO  n.s.a.s.rpc.ModelUpdateServiceImpl [ModelUpdateServiceImpl.java:253] Loaded model update in 0ms
18:43:16.492 [btpool0-20] INFO  n.s.a.s.rpc.ModelUpdateServiceImpl [ModelUpdateServiceImpl.java:236] Requesting a model update from backend server for: ModelUpdateRequest[NoHttpConfigs, Domains[2, 1000000], Services[10, 11], Versions[100]]
18:43:16.493 [btpool0-20] INFO  n.s.a.s.rpc.ModelUpdateServiceImpl [ModelUpdateServiceImpl.java:253] Loaded model update in 0ms
18:45:19.229 [btpool0-21] INFO  n.s.a.s.rpc.ModelUpdateServiceImpl [ModelUpdateServiceImpl.java:236] Requesting a model update from backend server for: ModelUpdateRequest[NoHttpConfigs]
18:45:19.239 [btpool0-21] INFO  n.s.a.s.rpc.ModelUpdateServiceImpl [ModelUpdateServiceImpl.java:253] Loaded model update in 5ms
18:46:28.944 [btpool0-27] INFO  n.s.a.s.rpc.ModelUpdateServiceImpl [ModelUpdateServiceImpl.java:236] Requesting a model update from backend server for: ModelUpdateRequest[NoHttpConfigs]
18:46:28.950 [btpool0-27] INFO  n.s.a.s.rpc.ModelUpdateServiceImpl [ModelUpdateServiceImpl.java:253] Loaded model update in 2ms
18:46:29.937 [btpool0-27] INFO  n.s.a.s.rpc.ModelUpdateServiceImpl [ModelUpdateServiceImpl.java:236] Requesting a model update from backend server for: ModelUpdateRequest[NoHttpConfigs, Domains[2, 1000000]]
18:46:29.938 [btpool0-27] INFO  n.s.a.s.rpc.ModelUpdateServiceImpl [ModelUpdateServiceImpl.java:253] Loaded model update in 1ms
18:46:34.635 [btpool0-27] INFO  n.s.a.s.rpc.ModelUpdateServiceImpl [ModelUpdateServiceImpl.java:236] Requesting a model update from backend server for: ModelUpdateRequest[NoHttpConfigs, Domains[2, 1000000], Services[10, 11]]
18:46:34.635 [btpool0-27] INFO  n.s.a.s.rpc.ModelUpdateServiceImpl [ModelUpdateServiceImpl.java:253] Loaded model update in 0ms
18:46:34.687 [btpool0-27] INFO  n.s.a.s.rpc.ModelUpdateServiceImpl [ModelUpdateServiceImpl.java:236] Requesting a model update from backend server for: ModelUpdateRequest[NoHttpConfigs, Domains[2, 1000000], Services[10, 11]]
18:46:34.701 [btpool0-27] INFO  n.s.a.s.rpc.ModelUpdateServiceImpl [ModelUpdateServiceImpl.java:253] Loaded model update in 1ms
18:46:43.061 [btpool0-27] INFO  n.s.a.s.rpc.ModelUpdateServiceImpl [ModelUpdateServiceImpl.java:236] Requesting a model update from backend server for: ModelUpdateRequest[NoHttpConfigs, Domains[2, 1000000], Services[10, 11], Versions[100]]
18:46:43.061 [btpool0-27] INFO  n.s.a.s.rpc.ModelUpdateServiceImpl [ModelUpdateServiceImpl.java:253] Loaded model update in 0ms
18:46:43.108 [btpool0-27] INFO  n.s.a.s.rpc.ModelUpdateServiceImpl [ModelUpdateServiceImpl.java:236] Requesting a model update from backend server for: ModelUpdateRequest[NoHttpConfigs, Domains[2, 1000000], Services[10, 11], Versions[100]]
18:46:43.109 [btpool0-27] INFO  n.s.a.s.rpc.ModelUpdateServiceImpl [ModelUpdateServiceImpl.java:253] Loaded model update in 0ms
18:47:06.113 [btpool0-27] INFO  n.s.a.s.rpc.ModelUpdateServiceImpl [ModelUpdateServiceImpl.java:236] Requesting a model update from backend server for: ModelUpdateRequest[NoHttpConfigs, Domains[2, 1000000], Services[10, 11], Versions[100]]
18:47:06.114 [btpool0-27] INFO  n.s.a.s.rpc.ModelUpdateServiceImpl [ModelUpdateServiceImpl.java:253] Loaded model update in 0ms
18:47:53.340 [btpool0-32] INFO  n.s.a.s.rpc.ModelUpdateServiceImpl [ModelUpdateServiceImpl.java:236] Requesting a model update from backend server for: ModelUpdateRequest[NoHttpConfigs]
18:47:53.523 [btpool0-32] INFO  n.s.a.s.rpc.ModelUpdateServiceImpl [ModelUpdateServiceImpl.java:253] Loaded model update in 10ms
18:47:54.357 [btpool0-32] INFO  n.s.a.s.rpc.ModelUpdateServiceImpl [ModelUpdateServiceImpl.java:236] Requesting a model update from backend server for: ModelUpdateRequest[NoHttpConfigs, Domains[2, 1000000]]
18:47:54.358 [btpool0-32] INFO  n.s.a.s.rpc.ModelUpdateServiceImpl [ModelUpdateServiceImpl.java:253] Loaded model update in 1ms
18:47:59.838 [btpool0-32] INFO  n.s.a.s.rpc.ModelUpdateServiceImpl [ModelUpdateServiceImpl.java:236] Requesting a model update from backend server for: ModelUpdateRequest[NoHttpConfigs, Domains[2, 1000000], Services[10, 11]]
18:47:59.838 [btpool0-32] INFO  n.s.a.s.rpc.ModelUpdateServiceImpl [ModelUpdateServiceImpl.java:253] Loaded model update in 0ms
18:47:59.888 [btpool0-32] INFO  n.s.a.s.rpc.ModelUpdateServiceImpl [ModelUpdateServiceImpl.java:236] Requesting a model update from backend server for: ModelUpdateRequest[NoHttpConfigs, Domains[2, 1000000], Services[10, 11]]
18:47:59.889 [btpool0-32] INFO  n.s.a.s.rpc.ModelUpdateServiceImpl [ModelUpdateServiceImpl.java:253] Loaded model update in 0ms
18:48:07.881 [btpool0-32] INFO  n.s.a.s.rpc.ModelUpdateServiceImpl [ModelUpdateServiceImpl.java:236] Requesting a model update from backend server for: ModelUpdateRequest[NoHttpConfigs, Domains[2, 1000000], Services[10, 11], Versions[100]]
18:48:07.882 [btpool0-32] INFO  n.s.a.s.rpc.ModelUpdateServiceImpl [ModelUpdateServiceImpl.java:253] Loaded model update in 0ms
18:48:07.935 [btpool0-32] INFO  n.s.a.s.rpc.ModelUpdateServiceImpl [ModelUpdateServiceImpl.java:236] Requesting a model update from backend server for: ModelUpdateRequest[NoHttpConfigs, Domains[2, 1000000], Services[10, 11], Versions[100]]
18:48:07.936 [btpool0-32] INFO  n.s.a.s.rpc.ModelUpdateServiceImpl [ModelUpdateServiceImpl.java:253] Loaded model update in 0ms
18:48:18.129 [btpool0-32] INFO  n.s.a.s.rpc.ModelUpdateServiceImpl [ModelUpdateServiceImpl.java:236] Requesting a model update from backend server for: ModelUpdateRequest[NoHttpConfigs, Domains[2, 1000000], Services[10, 11], Versions[100]]
18:48:18.130 [btpool0-32] INFO  n.s.a.s.rpc.ModelUpdateServiceImpl [ModelUpdateServiceImpl.java:253] Loaded model update in 0ms
